<?xml version="1.0" encoding="UTF-8"?>
<!-- Generated by org.testng.reporters.JUnitReportReporter -->
<testsuite skipped="0" hostname="EG-5CG8352HZP" name="websiteTestCases.LoginTest" tests="1" failures="0" timestamp="2020-12-31T15:13:53 EET" time="12.916" errors="0">
  <testcase name="loginSuccessfully" time="12.916" classname="websiteTestCases.LoginTest"/>
</testsuite> <!-- websiteTestCases.LoginTest -->
