<?xml version="1.0" encoding="UTF-8"?>
<!-- Generated by org.testng.reporters.JUnitReportReporter -->
<testsuite skipped="0" hostname="EG-5CG8352HZP" name="websiteTestCases.RegisterationTest" tests="1" failures="0" timestamp="2020-12-31T15:13:53 EET" time="21.111" errors="0">
  <testcase name="registerSuccessfully" time="21.111" classname="websiteTestCases.RegisterationTest"/>
</testsuite> <!-- websiteTestCases.RegisterationTest -->
