<?xml version="1.0" encoding="UTF-8"?>
<!-- Generated by org.testng.reporters.JUnitReportReporter -->
<testsuite skipped="0" hostname="EG-5CG8352HZP" name="websiteTestCases.CartCheckOutTest" tests="1" failures="0" timestamp="2020-12-31T15:13:53 EET" time="77.340" errors="0">
  <testcase name="cartCheckOut" time="77.340" classname="websiteTestCases.CartCheckOutTest"/>
</testsuite> <!-- websiteTestCases.CartCheckOutTest -->
