<?xml version="1.0" encoding="UTF-8"?>
<!-- Generated by org.testng.reporters.JUnitReportReporter -->
<testsuite skipped="0" hostname="EG-5CG8352HZP" name="APITestCases.GetPostByIdTest" tests="1" failures="0" timestamp="2020-12-31T15:32:47 EET" time="0.939" errors="0">
  <testcase name="getPostById" time="0.939" classname="APITestCases.GetPostByIdTest"/>
</testsuite> <!-- APITestCases.GetPostByIdTest -->
