<?xml version="1.0" encoding="UTF-8"?>
<!-- Generated by org.testng.reporters.JUnitReportReporter -->
<testsuite skipped="0" hostname="EG-5CG8352HZP" name="APITestCases.CreatePostTest" tests="1" failures="0" timestamp="2020-12-31T15:32:47 EET" time="6.603" errors="0">
  <testcase name="createPost" time="6.603" classname="APITestCases.CreatePostTest"/>
</testsuite> <!-- APITestCases.CreatePostTest -->
